c:\dev\avcapture\avcapture\debug\avcapture.pch
c:\dev\avcapture\avcapture\debug\vc141.pdb
c:\dev\avcapture\avcapture\debug\vc141.idb
c:\dev\avcapture\avcapture\debug\stdafx.obj
c:\dev\avcapture\avcapture\debug\avcapture.obj
c:\dev\avcapture\avcapture\debug\audiocapture.obj
c:\dev\avcapture\avcapture\debug\avcapture.res
c:\dev\avcapture\debug\avcapture.pdb
c:\dev\avcapture\avcapture\debug\avcapture.tlog\cl.command.1.tlog
c:\dev\avcapture\avcapture\debug\avcapture.tlog\cl.read.1.tlog
c:\dev\avcapture\avcapture\debug\avcapture.tlog\cl.write.1.tlog
c:\dev\avcapture\avcapture\debug\avcapture.tlog\link-cvtres.read.1.tlog
c:\dev\avcapture\avcapture\debug\avcapture.tlog\link-cvtres.write.1.tlog
c:\dev\avcapture\avcapture\debug\avcapture.tlog\link-rc.read.1.tlog
c:\dev\avcapture\avcapture\debug\avcapture.tlog\link-rc.write.1.tlog
c:\dev\avcapture\avcapture\debug\avcapture.tlog\link.command.1.tlog
c:\dev\avcapture\avcapture\debug\avcapture.tlog\link.read.1.tlog
c:\dev\avcapture\avcapture\debug\avcapture.tlog\link.write.1.tlog
c:\dev\avcapture\avcapture\debug\avcapture.tlog\rc.command.1.tlog
c:\dev\avcapture\avcapture\debug\avcapture.tlog\rc.read.1.tlog
c:\dev\avcapture\avcapture\debug\avcapture.tlog\rc.write.1.tlog
